#
# A fatal error has been detected by the Java Runtime Environment:
#
#  EXCEPTION_ACCESS_VIOLATION (0xc0000005) at pc=0x000000005c197b68, pid=13296, tid=0x0000000000003e44
#
# JRE version: Java(TM) SE Runtime Environment (8.0_221-b11) (build 1.8.0_221-b11)
# Java VM: Java HotSpot(TM) 64-Bit Server VM (25.221-b11 mixed mode windows-amd64 compressed oops)
# Problematic frame:
# V  [jvm.dll+0xf7b68]
#
# Failed to write core dump. Minidumps are not enabled by default on client versions of Windows
#
# If you would like to submit a bug report, please visit:
#   http://bugreport.java.com/bugreport/crash.jsp
#

---------------  T H R E A D  ---------------

Current thread (0x0000000017d79800):  VMThread [stack: 0x0000000019a70000,0x0000000019b70000] [id=15940]

siginfo: ExceptionCode=0xc0000005, reading address 0x0000000022430b60

Registers:
RAX=0x00000000001fffe0, RBX=0x000000000000ffff, RCX=0x0000000022230430, RDX=0x0000000022230b70
RSP=0x0000000019b6f290, RBP=0x0000000019b6f3c0, RSI=0x000000000000ffff, RDI=0x0000000022230430
R8 =0x0000000002ce2de0, R9 =0x0000000000000003, R10=0x0000000000000003, R11=0x0000000022230671
R12=0x0000000019b6f450, R13=0x0000000019b6f440, R14=0x0000000000000000, R15=0x0000000000000000
RIP=0x000000005c197b68, EFLAGS=0x0000000000010202

Top of Stack: (sp=0x0000000019b6f290)
0x0000000019b6f290:   00000000000000b7 0000000019b6f3c0
0x0000000019b6f2a0:   00000000000000b7 0000000019b6f460
0x0000000019b6f2b0:   0000000000000000 000000005c275270
0x0000000019b6f2c0:   00000000000000b7 00000000000000b7
0x0000000019b6f2d0:   0000000000000000 000000001ace32f0
0x0000000019b6f2e0:   00000000039dbdf8 00000000039dbb88
0x0000000019b6f2f0:   00000000039dbbd8 000000005c3a1c2e
0x0000000019b6f300:   00000000039dbdf7 000000000000000a
0x0000000019b6f310:   00000000039da972 00007ffd62010000
0x0000000019b6f320:   00000000039dbbe0 000000005c13196d
0x0000000019b6f330:   00005d225b3b0698 00000000039dbbe0
0x0000000019b6f340:   0000000000028310 000000001ace5860
0x0000000019b6f350:   0000000002f061a0 000000005c132094
0x0000000019b6f360:   0000000017d787c0 000000005c13fb3e
0x0000000019b6f370:   000000001aceb2d8 0000000000000218
0x0000000019b6f380:   000000001ace32f0 000000005c13fcfb 

Instructions: (pc=0x000000005c197b68)
0x000000005c197b48:   00 ba e1 01 00 00 e8 bd 0a 18 00 e8 f8 19 1a 00
0x000000005c197b58:   48 8b 57 10 48 85 d2 74 0f 48 8b c3 48 c1 e0 05
0x000000005c197b68:   48 8b 44 10 10 0f b7 d8 48 63 c3 0f b7 44 c7 50
0x000000005c197b78:   48 8b 44 c7 50 48 89 44 24 30 f6 d0 48 8b 4c 24 


Register to memory mapping:

RAX=0x00000000001fffe0 is an unknown value
RBX=0x000000000000ffff is an unknown value
RCX=0x0000000022230430 is pointing into metadata
RDX=0x0000000022230b70 is pointing into metadata
RSP=0x0000000019b6f290 is an unknown value
RBP=0x0000000019b6f3c0 is an unknown value
RSI=0x000000000000ffff is an unknown value
RDI=0x0000000022230430 is pointing into metadata
R8 =0x0000000002ce2de0 is an unknown value
R9 =0x0000000000000003 is an unknown value
R10=0x0000000000000003 is an unknown value
R11=0x0000000022230671 is pointing into metadata
R12=0x0000000019b6f450 is an unknown value
R13=0x0000000019b6f440 is an unknown value
R14=0x0000000000000000 is an unknown value
R15=0x0000000000000000 is an unknown value


Stack: [0x0000000019a70000,0x0000000019b70000],  sp=0x0000000019b6f290,  free space=1020k
Native frames: (J=compiled Java code, j=interpreted, Vv=VM code, C=native code)
V  [jvm.dll+0xf7b68]
V  [jvm.dll+0x1d5270]
V  [jvm.dll+0x1d61c2]
V  [jvm.dll+0x1c3ac4]
V  [jvm.dll+0x1c8c57]
V  [jvm.dll+0x1c91cb]
V  [jvm.dll+0x24d517]
V  [jvm.dll+0x24c7b6]
V  [jvm.dll+0x24cc51]
V  [jvm.dll+0x24ce6e]
V  [jvm.dll+0x29fb8a]
C  [msvcr100.dll+0x21d9f]
C  [msvcr100.dll+0x21e3b]
C  [KERNEL32.DLL+0x17bd4]
C  [ntdll.dll+0x6ce51]

VM_Operation (0x000000001a8af3d0): RedefineClasses, mode: safepoint, requested by thread 0x0000000019bbc800, redefining class com.myprojects.customerrewardsservice.controller.CustomerRewardsController



---------------  P R O C E S S  ---------------

Java Threads: ( => current thread )
  0x000000001b10c000 JavaThread "DestroyJavaVM" [_thread_blocked, id=3232, stack(0x0000000002bc0000,0x0000000002cc0000)]
  0x000000001b10a000 JavaThread "http-nio-8080-Acceptor" daemon [_thread_in_native, id=1888, stack(0x0000000021d90000,0x0000000021e90000)]
  0x000000001b0ff800 JavaThread "http-nio-8080-ClientPoller" daemon [_thread_in_native, id=1052, stack(0x0000000021c90000,0x0000000021d90000)]
  0x000000001b106000 JavaThread "http-nio-8080-exec-10" daemon [_thread_blocked, id=15124, stack(0x0000000021b90000,0x0000000021c90000)]
  0x000000001b102800 JavaThread "http-nio-8080-exec-9" daemon [_thread_blocked, id=17804, stack(0x0000000021a90000,0x0000000021b90000)]
  0x000000001b104800 JavaThread "http-nio-8080-exec-8" daemon [_thread_blocked, id=14604, stack(0x0000000021990000,0x0000000021a90000)]
  0x000000001b103000 JavaThread "http-nio-8080-exec-7" daemon [_thread_blocked, id=5768, stack(0x0000000021890000,0x0000000021990000)]
  0x000000001b105800 JavaThread "http-nio-8080-exec-6" daemon [_thread_blocked, id=18164, stack(0x0000000021790000,0x0000000021890000)]
  0x000000001b101800 JavaThread "http-nio-8080-exec-5" daemon [_thread_blocked, id=17764, stack(0x0000000021690000,0x0000000021790000)]
  0x000000001b101000 JavaThread "http-nio-8080-exec-4" daemon [_thread_blocked, id=9340, stack(0x0000000021590000,0x0000000021690000)]
  0x000000001b100000 JavaThread "http-nio-8080-exec-3" daemon [_thread_blocked, id=5604, stack(0x0000000021490000,0x0000000021590000)]
  0x000000001b104000 JavaThread "http-nio-8080-exec-2" daemon [_thread_blocked, id=2396, stack(0x0000000021390000,0x0000000021490000)]
  0x000000001e925000 JavaThread "http-nio-8080-exec-1" daemon [_thread_blocked, id=17292, stack(0x0000000021290000,0x0000000021390000)]
  0x000000001e923800 JavaThread "http-nio-8080-BlockPoller" daemon [_thread_in_native, id=12036, stack(0x0000000021190000,0x0000000021290000)]
  0x000000001e921000 JavaThread "File Watcher" daemon [_thread_blocked, id=11892, stack(0x0000000021090000,0x0000000021190000)]
  0x000000001e926800 JavaThread "Live Reload Server" daemon [_thread_in_native, id=5720, stack(0x0000000020990000,0x0000000020a90000)]
  0x000000001e922000 JavaThread "container-0" [_thread_blocked, id=14504, stack(0x000000001fb90000,0x000000001fc90000)]
  0x000000001e927000 JavaThread "Catalina-utility-2" [_thread_blocked, id=12944, stack(0x000000001fa90000,0x000000001fb90000)]
  0x000000001e9de800 JavaThread "Catalina-utility-1" [_thread_blocked, id=14496, stack(0x000000001f990000,0x000000001fa90000)]
  0x000000001e8be800 JavaThread "HikariPool-1 housekeeper" daemon [_thread_blocked, id=8840, stack(0x000000001f890000,0x000000001f990000)]
  0x000000001c92c000 JavaThread "JMX server connection timeout 340" daemon [_thread_blocked, id=7308, stack(0x000000001dfc0000,0x000000001e0c0000)]
  0x000000001c932000 JavaThread "RMI Scheduler(0)" daemon [_thread_blocked, id=16172, stack(0x000000001dec0000,0x000000001dfc0000)]
  0x000000001c8f8800 JavaThread "RMI TCP Connection(1)-127.0.0.1" daemon [_thread_in_native, id=11444, stack(0x000000001d3c0000,0x000000001d4c0000)]
  0x000000001aee6000 JavaThread "RMI TCP Accept-0" daemon [_thread_in_native, id=17372, stack(0x000000001b9b0000,0x000000001bab0000)]
  0x000000001aea1800 JavaThread "RMI TCP Accept-61880" daemon [_thread_in_native, id=2056, stack(0x000000001b8b0000,0x000000001b9b0000)]
  0x000000001ae92800 JavaThread "RMI TCP Accept-0" daemon [_thread_in_native, id=1384, stack(0x000000001b7b0000,0x000000001b8b0000)]
  0x000000001abbb800 JavaThread "Service Thread" daemon [_thread_blocked, id=8068, stack(0x000000001b6b0000,0x000000001b7b0000)]
  0x000000001abae800 JavaThread "C1 CompilerThread3" daemon [_thread_blocked, id=1980, stack(0x000000001b5b0000,0x000000001b6b0000)]
  0x000000001abae000 JavaThread "C2 CompilerThread2" daemon [_thread_blocked, id=2320, stack(0x000000001b4b0000,0x000000001b5b0000)]
  0x000000001abab000 JavaThread "C2 CompilerThread1" daemon [_thread_blocked, id=13652, stack(0x000000001b3b0000,0x000000001b4b0000)]
  0x000000001ab9a000 JavaThread "C2 CompilerThread0" daemon [_thread_blocked, id=16824, stack(0x000000001b2b0000,0x000000001b3b0000)]
  0x0000000019bbf000 JavaThread "JDWP Command Reader" daemon [_thread_in_native, id=12520, stack(0x000000001a9b0000,0x000000001aab0000)]
  0x0000000019bbe000 JavaThread "JDWP Event Helper Thread" daemon [_thread_blocked, id=4472, stack(0x000000001a8b0000,0x000000001a9b0000)]
  0x0000000019bbc800 JavaThread "JDWP Transport Listener: dt_socket" daemon [_thread_blocked, id=17880, stack(0x000000001a7b0000,0x000000001a8b0000)]
  0x0000000019baa800 JavaThread "Attach Listener" daemon [_thread_blocked, id=3048, stack(0x000000001a370000,0x000000001a470000)]
  0x0000000019ba8000 JavaThread "Signal Dispatcher" daemon [_thread_blocked, id=8748, stack(0x000000001a270000,0x000000001a370000)]
  0x0000000019b91800 JavaThread "Finalizer" daemon [_thread_blocked, id=14808, stack(0x000000001a070000,0x000000001a170000)]
  0x0000000002dbe000 JavaThread "Reference Handler" daemon [_thread_blocked, id=6248, stack(0x0000000019f70000,0x000000001a070000)]

Other Threads:
=>0x0000000017d79800 VMThread [stack: 0x0000000019a70000,0x0000000019b70000] [id=15940]
  0x000000001aeeb000 WatcherThread [stack: 0x000000001bab0000,0x000000001bbb0000] [id=17688]

VM state:at safepoint (normal execution)

VM Mutex/Monitor currently owned by a thread:  ([mutex/lock_event])
[0x0000000002cc44b0] Threads_lock - owner thread: 0x0000000017d79800

heap address: 0x0000000082e00000, size: 2002 MB, Compressed Oops mode: 32-bit
Narrow klass base: 0x0000000000000000, Narrow klass shift: 3
Compressed class space size: 1073741824 Address: 0x0000000100000000

Heap:
 PSYoungGen      total 397824K, used 100637K [0x00000000d6500000, 0x00000000f2e80000, 0x0000000100000000)
  eden space 380416K, 26% used [0x00000000d6500000,0x00000000dc747558,0x00000000ed880000)
  from space 17408K, 0% used [0x00000000ed880000,0x00000000ed880000,0x00000000ee980000)
  to   space 16896K, 0% used [0x00000000f1e00000,0x00000000f1e00000,0x00000000f2e80000)
 ParOldGen       total 137216K, used 27708K [0x0000000082e00000, 0x000000008b400000, 0x00000000d6500000)
  object space 137216K, 20% used [0x0000000082e00000,0x000000008490f140,0x000000008b400000)
 Metaspace       used 58248K, capacity 61827K, committed 62040K, reserved 1101824K
  class space    used 8104K, capacity 8719K, committed 8832K, reserved 1048576K

Card table byte_map: [0x0000000012280000,0x0000000012670000] byte_map_base: 0x0000000011e69000

Marking Bits: (ParMarkBitMap*) 0x000000005c8c5ce0
 Begin Bits: [0x0000000013110000, 0x0000000015058000)
 End Bits:   [0x0000000015058000, 0x0000000016fa0000)

Polling page: 0x0000000001170000

CodeCache: size=245760Kb used=11368Kb max_used=11368Kb free=234391Kb
 bounds [0x0000000002ec0000, 0x00000000039e0000, 0x0000000011ec0000]
 total_blobs=6309 nmethods=5727 adapters=501
 compilation: enabled

Compilation events (10 events):
Event: 245.156 Thread 0x000000001abae800 5822       1       sun.rmi.server.UnicastServerRef::unmarshalParametersUnchecked (44 bytes)
Event: 245.157 Thread 0x000000001abae800 nmethod 5822 0x00000000039d9ad0 code [0x00000000039d9c60, 0x00000000039d9f78]
Event: 245.157 Thread 0x000000001abae800 5823       1       com.sun.jmx.remote.util.ClassLogger::debugOn (5 bytes)
Event: 245.158 Thread 0x000000001abae800 nmethod 5823 0x00000000039da190 code [0x00000000039da2e0, 0x00000000039da450]
Event: 246.157 Thread 0x000000001abae800 5824       1       com.sun.jmx.remote.internal.ServerCommunicatorAdmin::access$700 (4 bytes)
Event: 246.157 Thread 0x000000001abae800 nmethod 5824 0x00000000039da550 code [0x00000000039da6a0, 0x00000000039da790]
Event: 247.158 Thread 0x000000001abae800 5825   !   1       javax.management.remote.rmi.RMIConnectionImpl::doPrivilegedOperation (167 bytes)
Event: 247.161 Thread 0x000000001abae800 nmethod 5825 0x00000000039da810 code [0x00000000039daa40, 0x00000000039db0e8]
Event: 247.161 Thread 0x000000001abae800 5826   !   1       com.sun.jmx.remote.internal.ServerCommunicatorAdmin::reqIncoming (65 bytes)
Event: 247.162 Thread 0x000000001abae800 nmethod 5826 0x00000000039dba50 code [0x00000000039dbbe0, 0x00000000039dc038]

GC Heap History (10 events):
Event: 4.096 GC heap before
{Heap before GC invocations=12 (full 1):
 PSYoungGen      total 302080K, used 247090K [0x00000000d6500000, 0x00000000ec280000, 0x0000000100000000)
  eden space 292352K, 82% used [0x00000000d6500000,0x00000000e5022768,0x00000000e8280000)
  from space 9728K, 64% used [0x00000000e8c00000,0x00000000e922a368,0x00000000e9580000)
  to   space 9728K, 0% used [0x00000000e8280000,0x00000000e8280000,0x00000000e8c00000)
 ParOldGen       total 54784K, used 8580K [0x0000000082e00000, 0x0000000086380000, 0x00000000d6500000)
  object space 54784K, 15% used [0x0000000082e00000,0x00000000836611a0,0x0000000086380000)
 Metaspace       used 33323K, capacity 35353K, committed 35416K, reserved 1079296K
  class space    used 4347K, capacity 4736K, committed 4736K, reserved 1048576K
Event: 4.107 GC heap after
Heap after GC invocations=12 (full 1):
 PSYoungGen      total 302080K, used 9697K [0x00000000d6500000, 0x00000000efa80000, 0x0000000100000000)
  eden space 292352K, 0% used [0x00000000d6500000,0x00000000d6500000,0x00000000e8280000)
  from space 9728K, 99% used [0x00000000e8280000,0x00000000e8bf8650,0x00000000e8c00000)
  to   space 12800K, 0% used [0x00000000eee00000,0x00000000eee00000,0x00000000efa80000)
 ParOldGen       total 54784K, used 13554K [0x0000000082e00000, 0x0000000086380000, 0x00000000d6500000)
  object space 54784K, 24% used [0x0000000082e00000,0x0000000083b3ca08,0x0000000086380000)
 Metaspace       used 33323K, capacity 35353K, committed 35416K, reserved 1079296K
  class space    used 4347K, capacity 4736K, committed 4736K, reserved 1048576K
}
Event: 4.107 GC heap before
{Heap before GC invocations=13 (full 2):
 PSYoungGen      total 302080K, used 9697K [0x00000000d6500000, 0x00000000efa80000, 0x0000000100000000)
  eden space 292352K, 0% used [0x00000000d6500000,0x00000000d6500000,0x00000000e8280000)
  from space 9728K, 99% used [0x00000000e8280000,0x00000000e8bf8650,0x00000000e8c00000)
  to   space 12800K, 0% used [0x00000000eee00000,0x00000000eee00000,0x00000000efa80000)
 ParOldGen       total 54784K, used 13554K [0x0000000082e00000, 0x0000000086380000, 0x00000000d6500000)
  object space 54784K, 24% used [0x0000000082e00000,0x0000000083b3ca08,0x0000000086380000)
 Metaspace       used 33323K, capacity 35353K, committed 35416K, reserved 1079296K
  class space    used 4347K, capacity 4736K, committed 4736K, reserved 1048576K
Event: 4.191 GC heap after
Heap after GC invocations=13 (full 2):
 PSYoungGen      total 302080K, used 0K [0x00000000d6500000, 0x00000000efa80000, 0x0000000100000000)
  eden space 292352K, 0% used [0x00000000d6500000,0x00000000d6500000,0x00000000e8280000)
  from space 9728K, 0% used [0x00000000e8280000,0x00000000e8280000,0x00000000e8c00000)
  to   space 12800K, 0% used [0x00000000eee00000,0x00000000eee00000,0x00000000efa80000)
 ParOldGen       total 94720K, used 20344K [0x0000000082e00000, 0x0000000088a80000, 0x00000000d6500000)
  object space 94720K, 21% used [0x0000000082e00000,0x00000000841de078,0x0000000088a80000)
 Metaspace       used 33323K, capacity 35353K, committed 35416K, reserved 1079296K
  class space    used 4347K, capacity 4736K, committed 4736K, reserved 1048576K
}
Event: 5.361 GC heap before
{Heap before GC invocations=14 (full 2):
 PSYoungGen      total 302080K, used 292352K [0x00000000d6500000, 0x00000000efa80000, 0x0000000100000000)
  eden space 292352K, 100% used [0x00000000d6500000,0x00000000e8280000,0x00000000e8280000)
  from space 9728K, 0% used [0x00000000e8280000,0x00000000e8280000,0x00000000e8c00000)
  to   space 12800K, 0% used [0x00000000eee00000,0x00000000eee00000,0x00000000efa80000)
 ParOldGen       total 94720K, used 20344K [0x0000000082e00000, 0x0000000088a80000, 0x00000000d6500000)
  object space 94720K, 21% used [0x0000000082e00000,0x00000000841de078,0x0000000088a80000)
 Metaspace       used 48340K, capacity 50999K, committed 51160K, reserved 1093632K
  class space    used 6588K, capacity 7098K, committed 7168K, reserved 1048576K
Event: 5.375 GC heap after
Heap after GC invocations=14 (full 2):
 PSYoungGen      total 370176K, used 12791K [0x00000000d6500000, 0x00000000efa80000, 0x0000000100000000)
  eden space 357376K, 0% used [0x00000000d6500000,0x00000000d6500000,0x00000000ec200000)
  from space 12800K, 99% used [0x00000000eee00000,0x00000000efa7def8,0x00000000efa80000)
  to   space 17408K, 0% used [0x00000000ed880000,0x00000000ed880000,0x00000000ee980000)
 ParOldGen       total 94720K, used 26511K [0x0000000082e00000, 0x0000000088a80000, 0x00000000d6500000)
  object space 94720K, 27% used [0x0000000082e00000,0x00000000847e3c10,0x0000000088a80000)
 Metaspace       used 48340K, capacity 50999K, committed 51160K, reserved 1093632K
  class space    used 6588K, capacity 7098K, committed 7168K, reserved 1048576K
}
Event: 6.334 GC heap before
{Heap before GC invocations=15 (full 2):
 PSYoungGen      total 370176K, used 162613K [0x00000000d6500000, 0x00000000efa80000, 0x0000000100000000)
  eden space 357376K, 41% used [0x00000000d6500000,0x00000000df74f8a0,0x00000000ec200000)
  from space 12800K, 99% used [0x00000000eee00000,0x00000000efa7def8,0x00000000efa80000)
  to   space 17408K, 0% used [0x00000000ed880000,0x00000000ed880000,0x00000000ee980000)
 ParOldGen       total 94720K, used 26511K [0x0000000082e00000, 0x0000000088a80000, 0x00000000d6500000)
  object space 94720K, 27% used [0x0000000082e00000,0x00000000847e3c10,0x0000000088a80000)
 Metaspace       used 55745K, capacity 58979K, committed 59028K, reserved 1099776K
  class space    used 7714K, capacity 8318K, committed 8320K, reserved 1048576K
Event: 6.347 GC heap after
Heap after GC invocations=15 (full 2):
 PSYoungGen      total 397824K, used 8853K [0x00000000d6500000, 0x00000000f2e80000, 0x0000000100000000)
  eden space 380416K, 0% used [0x00000000d6500000,0x00000000d6500000,0x00000000ed880000)
  from space 17408K, 50% used [0x00000000ed880000,0x00000000ee125458,0x00000000ee980000)
  to   space 16896K, 0% used [0x00000000f1e00000,0x00000000f1e00000,0x00000000f2e80000)
 ParOldGen       total 94720K, used 32703K [0x0000000082e00000, 0x0000000088a80000, 0x00000000d6500000)
  object space 94720K, 34% used [0x0000000082e00000,0x0000000084defcd0,0x0000000088a80000)
 Metaspace       used 55745K, capacity 58979K, committed 59028K, reserved 1099776K
  class space    used 7714K, capacity 8318K, committed 8320K, reserved 1048576K
}
Event: 6.347 GC heap before
{Heap before GC invocations=16 (full 3):
 PSYoungGen      total 397824K, used 8853K [0x00000000d6500000, 0x00000000f2e80000, 0x0000000100000000)
  eden space 380416K, 0% used [0x00000000d6500000,0x00000000d6500000,0x00000000ed880000)
  from space 17408K, 50% used [0x00000000ed880000,0x00000000ee125458,0x00000000ee980000)
  to   space 16896K, 0% used [0x00000000f1e00000,0x00000000f1e00000,0x00000000f2e80000)
 ParOldGen       total 94720K, used 32703K [0x0000000082e00000, 0x0000000088a80000, 0x00000000d6500000)
  object space 94720K, 34% used [0x0000000082e00000,0x0000000084defcd0,0x0000000088a80000)
 Metaspace       used 55745K, capacity 58979K, committed 59028K, reserved 1099776K
  class space    used 7714K, capacity 8318K, committed 8320K, reserved 1048576K
Event: 6.526 GC heap after
Heap after GC invocations=16 (full 3):
 PSYoungGen      total 397824K, used 0K [0x00000000d6500000, 0x00000000f2e80000, 0x0000000100000000)
  eden space 380416K, 0% used [0x00000000d6500000,0x00000000d6500000,0x00000000ed880000)
  from space 17408K, 0% used [0x00000000ed880000,0x00000000ed880000,0x00000000ee980000)
  to   space 16896K, 0% used [0x00000000f1e00000,0x00000000f1e00000,0x00000000f2e80000)
 ParOldGen       total 137216K, used 27708K [0x0000000082e00000, 0x000000008b400000, 0x00000000d6500000)
  object space 137216K, 20% used [0x0000000082e00000,0x000000008490f140,0x000000008b400000)
 Metaspace       used 55745K, capacity 58979K, committed 59028K, reserved 1099776K
  class space    used 7714K, capacity 8318K, committed 8320K, reserved 1048576K
}

Deoptimization events (0 events):
No events

Classes redefined (0 events):
No events

Internal exceptions (10 events):
Event: 14.768 Thread 0x000000001b101000 Exception <a 'java/lang/ArrayIndexOutOfBoundsException'> (0x00000000db6cad00) thrown at [C:\re\workspace\8-2-build-windows-amd64-cygwin\jdk8u221\13320\hotspot\src\share\vm\runtime\sharedRuntime.cpp, line 605]
Event: 14.769 Thread 0x000000001b101000 Exception <a 'java/lang/ArrayIndexOutOfBoundsException'> (0x00000000db6d9d28) thrown at [C:\re\workspace\8-2-build-windows-amd64-cygwin\jdk8u221\13320\hotspot\src\share\vm\runtime\sharedRuntime.cpp, line 605]
Event: 14.769 Thread 0x000000001b101000 Exception <a 'java/lang/ArrayIndexOutOfBoundsException'> (0x00000000db6dccd0) thrown at [C:\re\workspace\8-2-build-windows-amd64-cygwin\jdk8u221\13320\hotspot\src\share\vm\runtime\sharedRuntime.cpp, line 605]
Event: 14.770 Thread 0x000000001b101000 Exception <a 'java/lang/ArrayIndexOutOfBoundsException'> (0x00000000db6df7d8) thrown at [C:\re\workspace\8-2-build-windows-amd64-cygwin\jdk8u221\13320\hotspot\src\share\vm\runtime\sharedRuntime.cpp, line 605]
Event: 14.770 Thread 0x000000001b101000 Exception <a 'java/lang/ArrayIndexOutOfBoundsException'> (0x00000000db6eef00) thrown at [C:\re\workspace\8-2-build-windows-amd64-cygwin\jdk8u221\13320\hotspot\src\share\vm\runtime\sharedRuntime.cpp, line 605]
Event: 14.770 Thread 0x000000001b101000 Exception <a 'java/lang/ArrayIndexOutOfBoundsException'> (0x00000000db6f2440) thrown at [C:\re\workspace\8-2-build-windows-amd64-cygwin\jdk8u221\13320\hotspot\src\share\vm\runtime\sharedRuntime.cpp, line 605]
Event: 14.770 Thread 0x000000001b101000 Exception <a 'java/lang/ArrayIndexOutOfBoundsException'> (0x00000000db6f3840) thrown at [C:\re\workspace\8-2-build-windows-amd64-cygwin\jdk8u221\13320\hotspot\src\share\vm\runtime\sharedRuntime.cpp, line 605]
Event: 14.771 Thread 0x000000001b101000 Exception <a 'java/lang/ArrayIndexOutOfBoundsException'> (0x00000000db6f65d8) thrown at [C:\re\workspace\8-2-build-windows-amd64-cygwin\jdk8u221\13320\hotspot\src\share\vm\runtime\sharedRuntime.cpp, line 605]
Event: 14.775 Thread 0x000000001b101000 Exception <a 'java/lang/ArrayIndexOutOfBoundsException'> (0x00000000db733cd0) thrown at [C:\re\workspace\8-2-build-windows-amd64-cygwin\jdk8u221\13320\hotspot\src\share\vm\runtime\sharedRuntime.cpp, line 605]
Event: 14.775 Thread 0x000000001b101000 Exception <a 'java/lang/ArrayIndexOutOfBoundsException'> (0x00000000db736828) thrown at [C:\re\workspace\8-2-build-windows-amd64-cygwin\jdk8u221\13320\hotspot\src\share\vm\runtime\sharedRuntime.cpp, line 605]

Events (10 events):
Event: 249.402 Thread 0x0000000019bbc800 DEOPT UNPACKING pc=0x0000000002f07890 sp=0x000000001a8ad620 mode 1
Event: 249.402 Thread 0x0000000019bbc800 DEOPT PACKING pc=0x00000000030a0d4c sp=0x000000001a8ad970
Event: 249.402 Thread 0x0000000019bbc800 DEOPT UNPACKING pc=0x0000000002f07890 sp=0x000000001a8ad7e8 mode 1
Event: 249.402 Thread 0x0000000019bbc800 DEOPT PACKING pc=0x0000000003144594 sp=0x000000001a8adbc0
Event: 249.402 Thread 0x0000000019bbc800 DEOPT UNPACKING pc=0x0000000002f07890 sp=0x000000001a8adab8 mode 1
Event: 249.402 Thread 0x0000000019bbc800 DEOPT PACKING pc=0x00000000031bb72c sp=0x000000001a8adec0
Event: 249.402 Thread 0x0000000019bbc800 DEOPT UNPACKING pc=0x0000000002f07890 sp=0x000000001a8adbe0 mode 1
Event: 249.402 Thread 0x0000000019bbc800 DEOPT PACKING pc=0x0000000002ff1ac4 sp=0x000000001a8adf80
Event: 249.402 Thread 0x0000000019bbc800 DEOPT UNPACKING pc=0x0000000002f07890 sp=0x000000001a8adcf8 mode 1
Event: 249.402 Executing VM operation: RedefineClasses


Dynamic libraries:
0x00007ff6d6230000 - 0x00007ff6d6267000 	C:\Program Files\Java\jdk1.8.0_221\bin\javaw.exe
0x00007ffd621c0000 - 0x00007ffd623b0000 	C:\WINDOWS\SYSTEM32\ntdll.dll
0x00007ffd60f00000 - 0x00007ffd60fb2000 	C:\WINDOWS\System32\KERNEL32.DLL
0x00007ffd5fdd0000 - 0x00007ffd60074000 	C:\WINDOWS\System32\KERNELBASE.dll
0x00007ffd612a0000 - 0x00007ffd61343000 	C:\WINDOWS\System32\ADVAPI32.dll
0x00007ffd61490000 - 0x00007ffd6152e000 	C:\WINDOWS\System32\msvcrt.dll
0x00007ffd61aa0000 - 0x00007ffd61b37000 	C:\WINDOWS\System32\sechost.dll
0x00007ffd60fc0000 - 0x00007ffd610e0000 	C:\WINDOWS\System32\RPCRT4.dll
0x00007ffd60590000 - 0x00007ffd60724000 	C:\WINDOWS\System32\USER32.dll
0x00007ffd60080000 - 0x00007ffd600a1000 	C:\WINDOWS\System32\win32u.dll
0x00007ffd61270000 - 0x00007ffd61296000 	C:\WINDOWS\System32\GDI32.dll
0x00007ffd5f9f0000 - 0x00007ffd5fb86000 	C:\WINDOWS\System32\gdi32full.dll
0x00007ffd5fbe0000 - 0x00007ffd5fc7e000 	C:\WINDOWS\System32\msvcp_win.dll
0x00007ffd5f160000 - 0x00007ffd5f25a000 	C:\WINDOWS\System32\ucrtbase.dll
0x00007ffd471c0000 - 0x00007ffd47444000 	C:\WINDOWS\WinSxS\amd64_microsoft.windows.common-controls_6595b64144ccf1df_6.0.18362.959_none_e6c7bbbf130c62bb\COMCTL32.dll
0x00007ffd61cf0000 - 0x00007ffd62025000 	C:\WINDOWS\System32\combase.dll
0x00007ffd600b0000 - 0x00007ffd60130000 	C:\WINDOWS\System32\bcryptPrimitives.dll
0x00007ffd60550000 - 0x00007ffd6057e000 	C:\WINDOWS\System32\IMM32.DLL
0x000000005be60000 - 0x000000005bf32000 	C:\Program Files\Java\jdk1.8.0_221\jre\bin\msvcr100.dll
0x000000005c0a0000 - 0x000000005c945000 	C:\Program Files\Java\jdk1.8.0_221\jre\bin\server\jvm.dll
0x00007ffd611b0000 - 0x00007ffd611b8000 	C:\WINDOWS\System32\PSAPI.DLL
0x00007ffd2f8d0000 - 0x00007ffd2f8d9000 	C:\WINDOWS\SYSTEM32\WSOCK32.dll
0x00007ffd571e0000 - 0x00007ffd571ea000 	C:\WINDOWS\SYSTEM32\VERSION.dll
0x00007ffd58850000 - 0x00007ffd58874000 	C:\WINDOWS\SYSTEM32\WINMM.dll
0x00007ffd61350000 - 0x00007ffd613bf000 	C:\WINDOWS\System32\WS2_32.dll
0x00007ffd58310000 - 0x00007ffd5833d000 	C:\WINDOWS\SYSTEM32\winmmbase.dll
0x00007ffd5fb90000 - 0x00007ffd5fbda000 	C:\WINDOWS\System32\cfgmgr32.dll
0x00007ffd27b30000 - 0x00007ffd27b3f000 	C:\Program Files\Java\jdk1.8.0_221\jre\bin\verify.dll
0x00007ffd21690000 - 0x00007ffd216b9000 	C:\Program Files\Java\jdk1.8.0_221\jre\bin\java.dll
0x00007ffd54e60000 - 0x00007ffd54e95000 	C:\Program Files\Java\jdk1.8.0_221\jre\bin\jdwp.dll
0x00007ffd575d0000 - 0x00007ffd575d8000 	C:\Program Files\Java\jdk1.8.0_221\jre\bin\npt.dll
0x00007ffd0de00000 - 0x00007ffd0de23000 	C:\Program Files\Java\jdk1.8.0_221\jre\bin\instrument.dll
0x00007ffd21560000 - 0x00007ffd21576000 	C:\Program Files\Java\jdk1.8.0_221\jre\bin\zip.dll
0x00007ffd60730000 - 0x00007ffd60e16000 	C:\WINDOWS\System32\SHELL32.dll
0x00007ffd611c0000 - 0x00007ffd61269000 	C:\WINDOWS\System32\shcore.dll
0x00007ffd5f260000 - 0x00007ffd5f9e2000 	C:\WINDOWS\System32\windows.storage.dll
0x00007ffd5f080000 - 0x00007ffd5f0a3000 	C:\WINDOWS\System32\profapi.dll
0x00007ffd5f0d0000 - 0x00007ffd5f11a000 	C:\WINDOWS\System32\powrprof.dll
0x00007ffd5f070000 - 0x00007ffd5f080000 	C:\WINDOWS\System32\UMPDC.dll
0x00007ffd60e20000 - 0x00007ffd60e72000 	C:\WINDOWS\System32\shlwapi.dll
0x00007ffd5f0b0000 - 0x00007ffd5f0c1000 	C:\WINDOWS\System32\kernel.appcore.dll
0x00007ffd5f140000 - 0x00007ffd5f157000 	C:\WINDOWS\System32\cryptsp.dll
0x00007ffd55c50000 - 0x00007ffd55c59000 	C:\Program Files\Java\jdk1.8.0_221\jre\bin\dt_socket.dll
0x00007ffd37920000 - 0x00007ffd37936000 	C:\WINDOWS\system32\napinsp.dll
0x00007ffd37900000 - 0x00007ffd3791a000 	C:\WINDOWS\system32\pnrpnsp.dll
0x00007ffd5e8e0000 - 0x00007ffd5e947000 	C:\WINDOWS\System32\mswsock.dll
0x00007ffd5e630000 - 0x00007ffd5e6fb000 	C:\WINDOWS\SYSTEM32\DNSAPI.dll
0x00007ffd62030000 - 0x00007ffd62038000 	C:\WINDOWS\System32\NSI.dll
0x00007ffd5e5f0000 - 0x00007ffd5e62a000 	C:\WINDOWS\SYSTEM32\IPHLPAPI.DLL
0x00007ffd378f0000 - 0x00007ffd378fe000 	C:\WINDOWS\System32\winrnr.dll
0x00007ffd58360000 - 0x00007ffd5837c000 	C:\WINDOWS\system32\NLAapi.dll
0x00007ffd34db0000 - 0x00007ffd34dc5000 	C:\WINDOWS\system32\wshbth.dll
0x00007ffd53520000 - 0x00007ffd53597000 	C:\WINDOWS\System32\fwpuclnt.dll
0x00007ffd601e0000 - 0x00007ffd60206000 	C:\WINDOWS\System32\bcrypt.dll
0x00007ffd52650000 - 0x00007ffd5265a000 	C:\Windows\System32\rasadhlp.dll
0x00007ffd378e0000 - 0x00007ffd378ed000 	C:\Program Files\Java\jdk1.8.0_221\jre\bin\management.dll
0x00007ffcfd7c0000 - 0x00007ffcfd7da000 	C:\Program Files\Java\jdk1.8.0_221\jre\bin\net.dll
0x00007ffd4b940000 - 0x00007ffd4bb16000 	C:\WINDOWS\SYSTEM32\urlmon.dll
0x00007ffd4b100000 - 0x00007ffd4b3a6000 	C:\WINDOWS\SYSTEM32\iertutil.dll
0x00007ffd5eab0000 - 0x00007ffd5eabc000 	C:\WINDOWS\SYSTEM32\CRYPTBASE.DLL
0x00007ffcfd7a0000 - 0x00007ffcfd7b2000 	C:\Program Files\Java\jdk1.8.0_221\jre\bin\nio.dll
0x00007ffd5e450000 - 0x00007ffd5e483000 	C:\WINDOWS\system32\rsaenh.dll
0x00007ffd5ef90000 - 0x00007ffd5efb5000 	C:\WINDOWS\SYSTEM32\USERENV.dll
0x00007ffd54000000 - 0x00007ffd54016000 	C:\WINDOWS\SYSTEM32\dhcpcsvc6.DLL
0x00007ffd548a0000 - 0x00007ffd548bc000 	C:\WINDOWS\SYSTEM32\dhcpcsvc.DLL
0x00007ffd5d850000 - 0x00007ffd5da44000 	C:\WINDOWS\SYSTEM32\dbghelp.dll

VM Arguments:
jvm_args: -agentlib:jdwp=transport=dt_socket,suspend=y,address=localhost:61881 -Dcom.sun.management.jmxremote -Dcom.sun.management.jmxremote.port=61880 -Dcom.sun.management.jmxremote.authenticate=false -Dcom.sun.management.jmxremote.ssl=false -Djava.rmi.server.hostname=localhost -Dspring.jmx.enabled=true -Dspring.application.admin.enabled=true -Xverify:none -XX:TieredStopAtLevel=1 -Dspring.boot.project.name=customer-rewards-service -javaagent:C:\MyData\eclipse\eclipse\configuration\org.eclipse.osgi\412\0\.cp\lib\javaagent-shaded.jar -Dfile.encoding=UTF-8 
java_command: com.myprojects.customerrewardsservice.CustomerRewardsServiceApplication
java_class_path (initial): C:\MyData\myws2\customer-rewards-service\target\classes;C:\Users\kmahe\.m2\repository\org\springframework\boot\spring-boot-starter-actuator\2.3.1.RELEASE\spring-boot-starter-actuator-2.3.1.RELEASE.jar;C:\Users\kmahe\.m2\repository\org\springframework\boot\spring-boot-starter\2.3.1.RELEASE\spring-boot-starter-2.3.1.RELEASE.jar;C:\Users\kmahe\.m2\repository\org\springframework\boot\spring-boot-starter-logging\2.3.1.RELEASE\spring-boot-starter-logging-2.3.1.RELEASE.jar;C:\Users\kmahe\.m2\repository\ch\qos\logback\logback-classic\1.2.3\logback-classic-1.2.3.jar;C:\Users\kmahe\.m2\repository\ch\qos\logback\logback-core\1.2.3\logback-core-1.2.3.jar;C:\Users\kmahe\.m2\repository\org\apache\logging\log4j\log4j-to-slf4j\2.13.3\log4j-to-slf4j-2.13.3.jar;C:\Users\kmahe\.m2\repository\org\apache\logging\log4j\log4j-api\2.13.3\log4j-api-2.13.3.jar;C:\Users\kmahe\.m2\repository\org\slf4j\jul-to-slf4j\1.7.30\jul-to-slf4j-1.7.30.jar;C:\Users\kmahe\.m2\repository\jakarta\annotation\jakarta.annotation-api\1.3.5\jakarta.annotation-api-1.3.5.jar;C:\Users\kmahe\.m2\repository\org\yaml\snakeyaml\1.26\snakeyaml-1.26.jar;C:\Users\kmahe\.m2\repository\org\springframework\boot\spring-boot-actuator-autoconfigure\2.3.1.RELEASE\spring-boot-actuator-autoconfigure-2.3.1.RELEASE.jar;C:\Users\kmahe\.m2\repository\org\springframework\boot\spring-boot-actuator\2.3.1.RELEASE\spring-boot-actuator-2.3.1.RELEASE.jar;C:\Users\kmahe\.m2\repository\com\fasterxml\jackson\core\jackson-databind\2.11.0\jackson-databind-2.11.0.jar;C:\Users\kmahe\.m2\repository\com\fasterxml\jackson\core\jackson-core\2.11.0\jackson-core-2.11.0.jar;C:\Users\kmahe\.m2\repository\com\fasterxml\jackson\datatype\jackson-datatype-jsr310\2.11.0\jackson-datatype-jsr310-2.11.0.jar;C:\Users\kmahe\.m2\repository\io\micrometer\micrometer-core\1.5.1\micrometer-core-1.5.1.jar;C:\Users\kmahe\.m2\repository\org\hdrhistogram\HdrHistogram\2.1.12\HdrHistogram-2.1.12.jar;C:\Users\kmahe\.m2\repository\org\latencyutils\Lat
Launcher Type: SUN_STANDARD

Environment Variables:
PATH=C:\Program Files\Java\jdk1.8.0_221\jre\bin;C:/Program Files/Java/jdk1.8.0_221/bin/../jre/bin/server;C:/Program Files/Java/jdk1.8.0_221/bin/../jre/bin;C:/Program Files/Java/jdk1.8.0_221/bin/../jre/lib/amd64;C:\Program Files (x86)\Common Files\Oracle\Java\javapath;C:\WINDOWS\system32;C:\WINDOWS;C:\WINDOWS\System32\Wbem;C:\WINDOWS\System32\WindowsPowerShell\v1.0\;C:\WINDOWS\System32\OpenSSH\;C:\Program Files\Git\cmd;C:\Users\kmahe\AppData\Local\Microsoft\WindowsApps;C:\Users\kmahe\AppData\Local\GitHubDesktop\bin;C:\WINDOWS\system32;
USERNAME=kmahe
OS=Windows_NT
PROCESSOR_IDENTIFIER=Intel64 Family 6 Model 142 Stepping 11, GenuineIntel



---------------  S Y S T E M  ---------------

OS: Windows 10.0 , 64 bit Build 18362 (10.0.18362.959)

CPU:total 8 (initial active 8) (4 cores per cpu, 2 threads per core) family 6 model 142 stepping 11, cmov, cx8, fxsr, mmx, sse, sse2, sse3, ssse3, sse4.1, sse4.2, popcnt, avx, avx2, aes, clmul, erms, 3dnowpref, lzcnt, ht, tsc, tscinvbit, bmi1, bmi2, adx

Memory: 4k page, physical 8197876k(1939416k free), swap 20343564k(3926636k free)

vm_info: Java HotSpot(TM) 64-Bit Server VM (25.221-b11) for windows-amd64 JRE (1.8.0_221-b11), built on Jul  4 2019 04:39:29 by "java_re" with MS VC++ 10.0 (VS2010)

time: Sat Jul 18 21:03:01 2020
timezone: Central Daylight Time
elapsed time: 249 seconds (0d 0h 4m 9s)

